Thu Jun 27 17:28:55 2019: build-wrapper, version 6.3 (linux-x86)
Thu Jun 27 17:28:55 2019: System name: Linux Nodename: hackbook Release: 5.1.14-050114-generic Version: #201906221030 SMP Sat Jun 22 10:33:10 UTC 2019 Machine: x86_64
Thu Jun 27 17:28:55 2019: socket path: /tmp/build-wrapper-socket.WV7vK2
Thu Jun 27 17:28:55 2019: dynamic library found: /home/agucova/repos/build-wrapper-linux-x86/libinterceptor-i686.so
Thu Jun 27 17:28:55 2019: dynamic library found: /home/agucova/repos/build-wrapper-linux-x86/libinterceptor-x86_64.so
Thu Jun 27 17:28:55 2019: command executed as: <build-wrapper-linux-x86-64>
Thu Jun 27 17:28:55 2019: command line received: <make clean all>
Thu Jun 27 17:28:55 2019: env 0: <CLUTTER_IM_MODULE=xim>
Thu Jun 27 17:28:55 2019: env 1: <COLORTERM=truecolor>
Thu Jun 27 17:28:55 2019: env 2: <CONDA_EXE=/home/agucova/anaconda3/bin/conda>
Thu Jun 27 17:28:55 2019: env 3: <CONDA_PYTHON_EXE=/home/agucova/anaconda3/bin/python>
Thu Jun 27 17:28:55 2019: env 4: <CONDA_SHLVL=0>
Thu Jun 27 17:28:55 2019: env 5: <DBUS_SESSION_BUS_ADDRESS=unix:path=/run/user/1000/bus>
Thu Jun 27 17:28:55 2019: env 6: <DEFAULTS_PATH=/usr/share/gconf/ubuntu.default.path>
Thu Jun 27 17:28:55 2019: env 7: <DERBY_HOME=/usr/lib/jvm/java-8-oracle/db>
Thu Jun 27 17:28:55 2019: env 8: <DESKTOP_SESSION=ubuntu>
Thu Jun 27 17:28:55 2019: env 9: <DISPLAY=:0>
Thu Jun 27 17:28:55 2019: env 10: <GDMSESSION=ubuntu>
Thu Jun 27 17:28:55 2019: env 11: <GIO_EXTRA_MODULES=/usr/lib/x86_64-linux-gnu/gio/modules/>
Thu Jun 27 17:28:55 2019: env 12: <GJS_DEBUG_OUTPUT=stderr>
Thu Jun 27 17:28:55 2019: env 13: <GJS_DEBUG_TOPICS=JS ERROR;JS LOG>
Thu Jun 27 17:28:55 2019: env 14: <GNOME_DESKTOP_SESSION_ID=this-is-deprecated>
Thu Jun 27 17:28:55 2019: env 15: <GNOME_SHELL_SESSION_MODE=ubuntu>
Thu Jun 27 17:28:55 2019: env 16: <GNOME_TERMINAL_SCREEN=/org/gnome/Terminal/screen/257ba985_dfd8_41d6_bdcd_4f9909f83ea1>
Thu Jun 27 17:28:55 2019: env 17: <GNOME_TERMINAL_SERVICE=:1.663>
Thu Jun 27 17:28:55 2019: env 18: <GOPATH=/home/agucova/go>
Thu Jun 27 17:28:55 2019: env 19: <GPG_AGENT_INFO=/run/user/1000/gnupg/S.gpg-agent:0:1>
Thu Jun 27 17:28:55 2019: env 20: <GTK_IM_MODULE=ibus>
Thu Jun 27 17:28:55 2019: env 21: <GTK_MODULES=gail:atk-bridge>
Thu Jun 27 17:28:55 2019: env 22: <HOME=/home/agucova>
Thu Jun 27 17:28:55 2019: env 23: <IM_CONFIG_PHASE=2>
Thu Jun 27 17:28:55 2019: env 24: <J2REDIR=/usr/lib/jvm/java-8-oracle/jre>
Thu Jun 27 17:28:55 2019: env 25: <J2SDKDIR=/usr/lib/jvm/java-8-oracle>
Thu Jun 27 17:28:55 2019: env 26: <JAVA_HOME=/usr/lib/jvm/java-8-oracle>
Thu Jun 27 17:28:55 2019: env 27: <LANG=en_US.UTF-8>
Thu Jun 27 17:28:55 2019: env 28: <LC_ADDRESS=es_CL.UTF-8>
Thu Jun 27 17:28:55 2019: env 29: <LC_IDENTIFICATION=es_CL.UTF-8>
Thu Jun 27 17:28:55 2019: env 30: <LC_MEASUREMENT=es_CL.UTF-8>
Thu Jun 27 17:28:55 2019: env 31: <LC_MONETARY=es_CL.UTF-8>
Thu Jun 27 17:28:55 2019: env 32: <LC_NAME=es_CL.UTF-8>
Thu Jun 27 17:28:55 2019: env 33: <LC_NUMERIC=es_CL.UTF-8>
Thu Jun 27 17:28:55 2019: env 34: <LC_PAPER=es_CL.UTF-8>
Thu Jun 27 17:28:55 2019: env 35: <LC_TELEPHONE=es_CL.UTF-8>
Thu Jun 27 17:28:55 2019: env 36: <LC_TIME=es_CL.UTF-8>
Thu Jun 27 17:28:55 2019: env 37: <LIBVIRT_DEFAULT_URI=qemu:///system>
Thu Jun 27 17:28:55 2019: env 38: <LOGNAME=agucova>
Thu Jun 27 17:28:55 2019: env 39: <MANDATORY_PATH=/usr/share/gconf/ubuntu.mandatory.path>
Thu Jun 27 17:28:55 2019: env 40: <PATH=/home/linuxbrew/.linuxbrew/bin:/home/agucova/anaconda3/bin:/home/agucova/anaconda3/condabin:/home/agucova/.local/share/umake/bin:/home/agucova/.local/bin:/usr/local/sbin:/usr/local/bin:/usr/sbin:/usr/bin:/sbin:/bin:/usr/games:/usr/local/games:/snap/bin:/usr/lib/jvm/java-8-oracle/bin:/usr/lib/jvm/java-8-oracle/db/bin:/usr/lib/jvm/java-8-oracle/jre/bin:/usr/local/go/bin:/home/agucova/go/bin:../build-wrapper-linux-x86/:../sonar-scanner-3.3.0.1492-linux/bin/>
Thu Jun 27 17:28:55 2019: env 41: <PWD=/home/agucova/repos/cs50x>
Thu Jun 27 17:28:55 2019: env 42: <QT4_IM_MODULE=xim>
Thu Jun 27 17:28:55 2019: env 43: <QT_ACCESSIBILITY=1>
Thu Jun 27 17:28:55 2019: env 44: <QT_IM_MODULE=ibus>
Thu Jun 27 17:28:55 2019: env 45: <SESSION_MANAGER=local/hackbook:@/tmp/.ICE-unix/3054,unix/hackbook:/tmp/.ICE-unix/3054>
Thu Jun 27 17:28:55 2019: env 46: <SHELL=/usr/bin/fish>
Thu Jun 27 17:28:55 2019: env 47: <SHLVL=1>
Thu Jun 27 17:28:55 2019: env 48: <SSH_AGENT_PID=3184>
Thu Jun 27 17:28:55 2019: env 49: <SSH_AUTH_SOCK=/run/user/1000/keyring/ssh>
Thu Jun 27 17:28:55 2019: env 50: <TERM=xterm-256color>
Thu Jun 27 17:28:55 2019: env 51: <USER=agucova>
Thu Jun 27 17:28:55 2019: env 52: <USERNAME=agucova>
Thu Jun 27 17:28:55 2019: env 53: <VIRTUAL_ENV_DISABLE_PROMPT=1>
Thu Jun 27 17:28:55 2019: env 54: <VTE_VERSION=5601>
Thu Jun 27 17:28:55 2019: env 55: <WINDOWPATH=2>
Thu Jun 27 17:28:55 2019: env 56: <XAUTHORITY=/run/user/1000/gdm/Xauthority>
Thu Jun 27 17:28:55 2019: env 57: <XDG_CONFIG_DIRS=/etc/xdg/xdg-ubuntu:/etc/xdg>
Thu Jun 27 17:28:55 2019: env 58: <XDG_CURRENT_DESKTOP=ubuntu:GNOME>
Thu Jun 27 17:28:55 2019: env 59: <XDG_DATA_DIRS=/usr/share/ubuntu:/home/agucova/.local/share/flatpak/exports/share/:/var/lib/flatpak/exports/share/:/usr/local/share/:/usr/share/:/var/lib/snapd/desktop>
Thu Jun 27 17:28:55 2019: env 60: <XDG_MENU_PREFIX=gnome->
Thu Jun 27 17:28:55 2019: env 61: <XDG_RUNTIME_DIR=/run/user/1000>
Thu Jun 27 17:28:55 2019: env 62: <XDG_SEAT=seat0>
Thu Jun 27 17:28:55 2019: env 63: <XDG_SESSION_CLASS=user>
Thu Jun 27 17:28:55 2019: env 64: <XDG_SESSION_DESKTOP=ubuntu>
Thu Jun 27 17:28:55 2019: env 65: <XDG_SESSION_ID=2>
Thu Jun 27 17:28:55 2019: env 66: <XDG_SESSION_TYPE=x11>
Thu Jun 27 17:28:55 2019: env 67: <XDG_VTNR=2>
Thu Jun 27 17:28:55 2019: env 68: <XMODIFIERS=@im=ibus>
Thu Jun 27 17:28:55 2019: executing: <make clean all>
Thu Jun 27 17:28:55 2019: initializing json file
Thu Jun 27 17:28:55 2019: process created with pid: 5377
Thu Jun 27 17:28:55 2019: parent pid: 5376
Thu Jun 27 17:28:55 2019: working directory: </home/agucova/repos/cs50x>
Thu Jun 27 17:28:55 2019: executable: </home/agucova/repos/build-wrapper-linux-x86/build-wrapper-linux-x86-64>
Thu Jun 27 17:28:55 2019: argv[0]: <build-wrapper-linux-x86-64>
Thu Jun 27 17:28:55 2019: argv[1]: <-c>
Thu Jun 27 17:28:55 2019: argv[2]: <>
Thu Jun 27 17:28:55 2019: argv[3]: <make>
Thu Jun 27 17:28:55 2019: argv[4]: <clean>
Thu Jun 27 17:28:55 2019: argv[5]: <all>
Thu Jun 27 17:28:55 2019: skipping process with pid: 5377
Thu Jun 27 17:28:55 2019: process created with pid: 5378
Thu Jun 27 17:28:55 2019: parent pid: 5377
Thu Jun 27 17:28:55 2019: working directory: </home/agucova/repos/cs50x>
Thu Jun 27 17:28:55 2019: executable: </usr/bin/make>
Thu Jun 27 17:28:55 2019: argv[0]: <make>
Thu Jun 27 17:28:55 2019: argv[1]: <clean>
Thu Jun 27 17:28:55 2019: argv[2]: <all>
Thu Jun 27 17:28:55 2019: skipping process with pid: 5378
Thu Jun 27 17:28:55 2019: finalizing json file
Thu Jun 27 17:28:55 2019: returned with code: 2
